2026-03-17 11:49:28,756 [Worker-8: Loading available Gradle versions] INFO  o.e.b.c.i.u.g.PublishedGradleVersions - Gradle version information cache is up-to-date. Trying to read.
2026-03-17 11:49:52,946 [Worker-9: Importing Maven projects] INFO  o.e.m.c.i.l.LifecycleMappingFactory - Using org.eclipse.m2e.jdt.JarLifecycleMapping lifecycle mapping for MavenProject: com.revshopproject:revshop:0.0.1-SNAPSHOT @ C:\Users\Ganesh Reddy\Documents\updated revatureshop p2\revshop\pom.xml.
2026-03-17 11:49:55,821 [Worker-9: Importing Maven projects] INFO  o.e.m.j.i.AbstractJavaProjectConfigurator - Adding source folder /revshop/src/main/java
2026-03-17 11:49:55,821 [Worker-9: Importing Maven projects] INFO  o.e.m.j.i.AbstractJavaProjectConfigurator - Adding resource folder /revshop/src/main/resources
2026-03-17 11:49:55,822 [Worker-9: Importing Maven projects] INFO  o.e.m.j.i.AbstractJavaProjectConfigurator - Adding resource folder /revshop/src/main/resources
2026-03-17 11:49:55,824 [Worker-9: Importing Maven projects] INFO  o.e.m.j.i.AbstractJavaProjectConfigurator - Adding source folder /revshop/src/test/java
2026-03-17 11:49:55,824 [Worker-9: Importing Maven projects] INFO  o.e.m.j.i.AbstractJavaProjectConfigurator - Adding resource folder /revshop/src/test/resources
2026-03-17 11:49:56,420 [Worker-9: Importing Maven projects] INFO  o.e.m.c.i.p.ProjectConfigurationManager - Imported and configured 1 project(s) in 6 sec
2026-03-17 11:50:29,708 [main] INFO  o.e.m2e.actions.ExecutePomAction - Creating new launch configuration
2026-03-17 11:50:41,772 [Worker-1: Launching revshop] INFO  o.eclipse.m2e.core.internal.Bundles - getClasspathEntries(Bundle=org.eclipse.m2e.maven.runtime_3.8.604.20221130-2149 [606])
2026-03-17 11:50:41,777 [Worker-1: Launching revshop] INFO  o.eclipse.m2e.core.internal.Bundles - 	Entry: C:\Users\Ganesh Reddy\Documents\Revature Spring\eclipse\plugins\org.eclipse.m2e.maven.runtime_3.8.604.20221130-2149
2026-03-17 11:50:41,777 [Worker-1: Launching revshop] INFO  o.eclipse.m2e.core.internal.Bundles - 	Entry: C:\Users\Ganesh Reddy\Documents\Revature Spring\eclipse\plugins\org.eclipse.m2e.maven.runtime_3.8.604.20221130-2149\jars\aether-connector-okhttp-0.17.8.jar
2026-03-17 11:50:41,779 [Worker-1: Launching revshop] INFO  o.eclipse.m2e.core.internal.Bundles - 	Entry: C:\Users\Ganesh Reddy\Documents\Revature Spring\eclipse\plugins\org.eclipse.m2e.maven.runtime_3.8.604.20221130-2149\jars\commons-cli-1.4.jar
2026-03-17 11:50:41,779 [Worker-1: Launching revshop] INFO  o.eclipse.m2e.core.internal.Bundles - 	Entry: C:\Users\Ganesh Reddy\Documents\Revature Spring\eclipse\plugins\org.eclipse.m2e.maven.runtime_3.8.604.20221130-2149\jars\commons-io-2.6.jar
2026-03-17 11:50:41,779 [Worker-1: Launching revshop] INFO  o.eclipse.m2e.core.internal.Bundles - 	Entry: C:\Users\Ganesh Reddy\Documents\Revature Spring\eclipse\plugins\org.eclipse.m2e.maven.runtime_3.8.604.20221130-2149\jars\commons-lang3-3.8.1.jar
2026-03-17 11:50:41,779 [Worker-1: Launching revshop] INFO  o.eclipse.m2e.core.internal.Bundles - 	Entry: C:\Users\Ganesh Reddy\Documents\Revature Spring\eclipse\plugins\org.eclipse.m2e.maven.runtime_3.8.604.20221130-2149\jars\guice-4.2.2-no_aop.jar
2026-03-17 11:50:41,780 [Worker-1: Launching revshop] INFO  o.eclipse.m2e.core.internal.Bundles - 	Entry: C:\Users\Ganesh Reddy\Documents\Revature Spring\eclipse\plugins\org.eclipse.m2e.maven.runtime_3.8.604.20221130-2149\jars\jansi-2.4.0.jar
2026-03-17 11:50:41,780 [Worker-1: Launching revshop] INFO  o.eclipse.m2e.core.internal.Bundles - 	Entry: C:\Users\Ganesh Reddy\Documents\Revature Spring\eclipse\plugins\org.eclipse.m2e.maven.runtime_3.8.604.20221130-2149\jars\maven-artifact-3.8.6.jar
2026-03-17 11:50:41,780 [Worker-1: Launching revshop] INFO  o.eclipse.m2e.core.internal.Bundles - 	Entry: C:\Users\Ganesh Reddy\Documents\Revature Spring\eclipse\plugins\org.eclipse.m2e.maven.runtime_3.8.604.20221130-2149\jars\maven-builder-support-3.8.6.jar
2026-03-17 11:50:41,780 [Worker-1: Launching revshop] INFO  o.eclipse.m2e.core.internal.Bundles - 	Entry: C:\Users\Ganesh Reddy\Documents\Revature Spring\eclipse\plugins\org.eclipse.m2e.maven.runtime_3.8.604.20221130-2149\jars\maven-compat-3.8.6.jar
2026-03-17 11:50:41,780 [Worker-1: Launching revshop] INFO  o.eclipse.m2e.core.internal.Bundles - 	Entry: C:\Users\Ganesh Reddy\Documents\Revature Spring\eclipse\plugins\org.eclipse.m2e.maven.runtime_3.8.604.20221130-2149\jars\maven-core-3.8.6.jar
2026-03-17 11:50:41,780 [Worker-1: Launching revshop] INFO  o.eclipse.m2e.core.internal.Bundles - 	Entry: C:\Users\Ganesh Reddy\Documents\Revature Spring\eclipse\plugins\org.eclipse.m2e.maven.runtime_3.8.604.20221130-2149\jars\maven-embedder-3.8.6.jar
2026-03-17 11:50:41,780 [Worker-1: Launching revshop] INFO  o.eclipse.m2e.core.internal.Bundles - 	Entry: C:\Users\Ganesh Reddy\Documents\Revature Spring\eclipse\plugins\org.eclipse.m2e.maven.runtime_3.8.604.20221130-2149\jars\maven-model-3.8.6.jar
2026-03-17 11:50:41,781 [Worker-1: Launching revshop] INFO  o.eclipse.m2e.core.internal.Bundles - 	Entry: C:\Users\Ganesh Reddy\Documents\Revature Spring\eclipse\plugins\org.eclipse.m2e.maven.runtime_3.8.604.20221130-2149\jars\maven-model-builder-3.8.6.jar
2026-03-17 11:50:41,781 [Worker-1: Launching revshop] INFO  o.eclipse.m2e.core.internal.Bundles - 	Entry: C:\Users\Ganesh Reddy\Documents\Revature Spring\eclipse\plugins\org.eclipse.m2e.maven.runtime_3.8.604.20221130-2149\jars\maven-plugin-api-3.8.6.jar
2026-03-17 11:50:41,781 [Worker-1: Launching revshop] INFO  o.eclipse.m2e.core.internal.Bundles - 	Entry: C:\Users\Ganesh Reddy\Documents\Revature Spring\eclipse\plugins\org.eclipse.m2e.maven.runtime_3.8.604.20221130-2149\jars\maven-repository-metadata-3.8.6.jar
2026-03-17 11:50:41,781 [Worker-1: Launching revshop] INFO  o.eclipse.m2e.core.internal.Bundles - 	Entry: C:\Users\Ganesh Reddy\Documents\Revature Spring\eclipse\plugins\org.eclipse.m2e.maven.runtime_3.8.604.20221130-2149\jars\maven-resolver-api-1.6.3.jar
2026-03-17 11:50:41,782 [Worker-1: Launching revshop] INFO  o.eclipse.m2e.core.internal.Bundles - 	Entry: C:\Users\Ganesh Reddy\Documents\Revature Spring\eclipse\plugins\org.eclipse.m2e.maven.runtime_3.8.604.20221130-2149\jars\maven-resolver-connector-basic-1.6.3.jar
2026-03-17 11:50:41,782 [Worker-1: Launching revshop] INFO  o.eclipse.m2e.core.internal.Bundles - 	Entry: C:\Users\Ganesh Reddy\Documents\Revature Spring\eclipse\plugins\org.eclipse.m2e.maven.runtime_3.8.604.20221130-2149\jars\maven-resolver-impl-1.6.3.jar
2026-03-17 11:50:41,782 [Worker-1: Launching revshop] INFO  o.eclipse.m2e.core.internal.Bundles - 	Entry: C:\Users\Ganesh Reddy\Documents\Revature Spring\eclipse\plugins\org.eclipse.m2e.maven.runtime_3.8.604.20221130-2149\jars\maven-resolver-provider-3.8.6.jar
2026-03-17 11:50:41,782 [Worker-1: Launching revshop] INFO  o.eclipse.m2e.core.internal.Bundles - 	Entry: C:\Users\Ganesh Reddy\Documents\Revature Spring\eclipse\plugins\org.eclipse.m2e.maven.runtime_3.8.604.20221130-2149\jars\maven-resolver-spi-1.6.3.jar
2026-03-17 11:50:41,782 [Worker-1: Launching revshop] INFO  o.eclipse.m2e.core.internal.Bundles - 	Entry: C:\Users\Ganesh Reddy\Documents\Revature Spring\eclipse\plugins\org.eclipse.m2e.maven.runtime_3.8.604.20221130-2149\jars\maven-resolver-transport-wagon-1.6.3.jar
2026-03-17 11:50:41,783 [Worker-1: Launching revshop] INFO  o.eclipse.m2e.core.internal.Bundles - 	Entry: C:\Users\Ganesh Reddy\Documents\Revature Spring\eclipse\plugins\org.eclipse.m2e.maven.runtime_3.8.604.20221130-2149\jars\maven-resolver-util-1.6.3.jar
2026-03-17 11:50:41,783 [Worker-1: Launching revshop] INFO  o.eclipse.m2e.core.internal.Bundles - 	Entry: C:\Users\Ganesh Reddy\Documents\Revature Spring\eclipse\plugins\org.eclipse.m2e.maven.runtime_3.8.604.20221130-2149\jars\maven-settings-3.8.6.jar
2026-03-17 11:50:41,783 [Worker-1: Launching revshop] INFO  o.eclipse.m2e.core.internal.Bundles - 	Entry: C:\Users\Ganesh Reddy\Documents\Revature Spring\eclipse\plugins\org.eclipse.m2e.maven.runtime_3.8.604.20221130-2149\jars\maven-settings-builder-3.8.6.jar
2026-03-17 11:50:41,783 [Worker-1: Launching revshop] INFO  o.eclipse.m2e.core.internal.Bundles - 	Entry: C:\Users\Ganesh Reddy\Documents\Revature Spring\eclipse\plugins\org.eclipse.m2e.maven.runtime_3.8.604.20221130-2149\jars\maven-shared-utils-3.3.4.jar
2026-03-17 11:50:41,783 [Worker-1: Launching revshop] INFO  o.eclipse.m2e.core.internal.Bundles - 	Entry: C:\Users\Ganesh Reddy\Documents\Revature Spring\eclipse\plugins\org.eclipse.m2e.maven.runtime_3.8.604.20221130-2149\jars\okhttp-3.14.1.jar
2026-03-17 11:50:41,784 [Worker-1: Launching revshop] INFO  o.eclipse.m2e.core.internal.Bundles - 	Entry: C:\Users\Ganesh Reddy\Documents\Revature Spring\eclipse\plugins\org.eclipse.m2e.maven.runtime_3.8.604.20221130-2149\jars\okio-1.17.3.jar
2026-03-17 11:50:41,784 [Worker-1: Launching revshop] INFO  o.eclipse.m2e.core.internal.Bundles - 	Entry: C:\Users\Ganesh Reddy\Documents\Revature Spring\eclipse\plugins\org.eclipse.m2e.maven.runtime_3.8.604.20221130-2149\jars\org.eclipse.sisu.inject-0.3.5.jar
2026-03-17 11:50:41,784 [Worker-1: Launching revshop] INFO  o.eclipse.m2e.core.internal.Bundles - 	Entry: C:\Users\Ganesh Reddy\Documents\Revature Spring\eclipse\plugins\org.eclipse.m2e.maven.runtime_3.8.604.20221130-2149\jars\org.eclipse.sisu.plexus-0.3.5.jar
2026-03-17 11:50:41,784 [Worker-1: Launching revshop] INFO  o.eclipse.m2e.core.internal.Bundles - 	Entry: C:\Users\Ganesh Reddy\Documents\Revature Spring\eclipse\plugins\org.eclipse.m2e.maven.runtime_3.8.604.20221130-2149\jars\plexus-build-api-0.0.7.jar
2026-03-17 11:50:41,785 [Worker-1: Launching revshop] INFO  o.eclipse.m2e.core.internal.Bundles - 	Entry: C:\Users\Ganesh Reddy\Documents\Revature Spring\eclipse\plugins\org.eclipse.m2e.maven.runtime_3.8.604.20221130-2149\jars\plexus-cipher-2.0.jar
2026-03-17 11:50:41,785 [Worker-1: Launching revshop] INFO  o.eclipse.m2e.core.internal.Bundles - 	Entry: C:\Users\Ganesh Reddy\Documents\Revature Spring\eclipse\plugins\org.eclipse.m2e.maven.runtime_3.8.604.20221130-2149\jars\plexus-classworlds-2.6.0.jar
2026-03-17 11:50:41,785 [Worker-1: Launching revshop] INFO  o.eclipse.m2e.core.internal.Bundles - 	Entry: C:\Users\Ganesh Reddy\Documents\Revature Spring\eclipse\plugins\org.eclipse.m2e.maven.runtime_3.8.604.20221130-2149\jars\plexus-component-annotations-2.1.0.jar
2026-03-17 11:50:41,785 [Worker-1: Launching revshop] INFO  o.eclipse.m2e.core.internal.Bundles - 	Entry: C:\Users\Ganesh Reddy\Documents\Revature Spring\eclipse\plugins\org.eclipse.m2e.maven.runtime_3.8.604.20221130-2149\jars\plexus-interpolation-1.26.jar
2026-03-17 11:50:41,786 [Worker-1: Launching revshop] INFO  o.eclipse.m2e.core.internal.Bundles - 	Entry: C:\Users\Ganesh Reddy\Documents\Revature Spring\eclipse\plugins\org.eclipse.m2e.maven.runtime_3.8.604.20221130-2149\jars\plexus-sec-dispatcher-2.0.jar
2026-03-17 11:50:41,786 [Worker-1: Launching revshop] INFO  o.eclipse.m2e.core.internal.Bundles - 	Entry: C:\Users\Ganesh Reddy\Documents\Revature Spring\eclipse\plugins\org.eclipse.m2e.maven.runtime_3.8.604.20221130-2149\jars\plexus-utils-3.3.1.jar
2026-03-17 11:50:41,786 [Worker-1: Launching revshop] INFO  o.eclipse.m2e.core.internal.Bundles - 	Entry: C:\Users\Ganesh Reddy\Documents\Revature Spring\eclipse\plugins\org.eclipse.m2e.maven.runtime_3.8.604.20221130-2149\jars\wagon-file-3.5.1.jar
2026-03-17 11:50:41,786 [Worker-1: Launching revshop] INFO  o.eclipse.m2e.core.internal.Bundles - 	Entry: C:\Users\Ganesh Reddy\Documents\Revature Spring\eclipse\plugins\org.eclipse.m2e.maven.runtime_3.8.604.20221130-2149\jars\wagon-provider-api-3.5.1.jar
2026-03-17 11:50:41,788 [Worker-1: Launching revshop] INFO  o.eclipse.m2e.core.internal.Bundles - getClasspathEntries(Bundle=com.google.guava_30.1.0.v20221112-0806 [10])
2026-03-17 11:50:41,790 [Worker-1: Launching revshop] INFO  o.eclipse.m2e.core.internal.Bundles - 	Entry: C:\Users\Ganesh Reddy\Documents\Revature Spring\eclipse\plugins\com.google.guava_30.1.0.v20221112-0806.jar
2026-03-17 11:50:41,790 [Worker-1: Launching revshop] INFO  o.eclipse.m2e.core.internal.Bundles - getClasspathEntries(Bundle=slf4j.api_1.7.36 [918])
2026-03-17 11:50:41,791 [Worker-1: Launching revshop] INFO  o.eclipse.m2e.core.internal.Bundles - 	Entry: C:\Users\Ganesh Reddy\Documents\Revature Spring\eclipse\plugins\slf4j.api_1.7.36.jar
2026-03-17 11:50:41,791 [Worker-1: Launching revshop] INFO  o.eclipse.m2e.core.internal.Bundles - getClasspathEntries(Bundle=javax.inject_1.0.0.v20220405-0441 [32])
2026-03-17 11:50:41,792 [Worker-1: Launching revshop] INFO  o.eclipse.m2e.core.internal.Bundles - 	Entry: C:\Users\Ganesh Reddy\Documents\Revature Spring\eclipse\plugins\javax.inject_1.0.0.v20220405-0441.jar
2026-03-17 11:50:41,792 [Worker-1: Launching revshop] INFO  o.eclipse.m2e.core.internal.Bundles - getClasspathEntries(Bundle=javax.annotation_1.3.5.v20221112-0806 [30])
2026-03-17 11:50:41,793 [Worker-1: Launching revshop] INFO  o.eclipse.m2e.core.internal.Bundles - 	Entry: C:\Users\Ganesh Reddy\Documents\Revature Spring\eclipse\plugins\javax.annotation_1.3.5.v20221112-0806.jar
2026-03-17 11:50:41,795 [Worker-1: Launching revshop] INFO  o.e.m.i.launch.MavenLaunchDelegate - Run build in "C:\Users\Ganesh Reddy\Documents\updated revatureshop p2\revshop":
2026-03-17 11:50:41,798 [Worker-1: Launching revshop] INFO  o.e.m.i.launch.MavenLaunchDelegate -  mvn  -B -Dstyle.color=always spring-boot:run
2026-03-17 12:18:59,266 [main] INFO  o.e.m2e.actions.ExecutePomAction - Using existing launch configuration
2026-03-17 12:18:59,400 [Worker-48: Launching revshop] INFO  o.e.m.i.launch.MavenLaunchDelegate - Run build in "C:\Users\Ganesh Reddy\Documents\updated revatureshop p2\revshop":
2026-03-17 12:18:59,401 [Worker-48: Launching revshop] INFO  o.e.m.i.launch.MavenLaunchDelegate -  mvn  -B -Dstyle.color=always spring-boot:run
2026-03-17 12:31:33,816 [main] INFO  o.e.m2e.actions.ExecutePomAction - Using existing launch configuration
2026-03-17 12:31:33,856 [Worker-55: Launching revshop] INFO  o.e.m.i.launch.MavenLaunchDelegate - Run build in "C:\Users\Ganesh Reddy\Documents\updated revatureshop p2\revshop":
2026-03-17 12:31:33,857 [Worker-55: Launching revshop] INFO  o.e.m.i.launch.MavenLaunchDelegate -  mvn  -B -Dstyle.color=always spring-boot:run
